<?xml version="1.0" encoding="UTF-8"?>
<!-- Generated by org.testng.reporters.JUnitXMLReporter -->
<testsuite ignored="0" hostname="Arushis-MacBook-Pro.local" failures="0" tests="5" name="Add Employee Tests" time="181.092" errors="0" timestamp="2026-03-25T01:57:49 IST">
  <testcase classname="com.picarro.ui.tests.AddEmployeeTest" name="verifyAddEmployee" time="14.741"/>
  <testcase classname="com.picarro.ui.tests.AddEmployeeTest" name="verifyAddEmployeeFormFields" time="7.978"/>
  <testcase classname="com.picarro.ui.tests.AddEmployeeTest" name="verifyDashboard" time="2.958"/>
  <testcase classname="com.picarro.ui.tests.AddEmployeeTest" name="verifyEmployeeAddedInList" time="19.618"/>
  <testcase classname="com.picarro.ui.tests.AddEmployeeTest" name="verifyRequiredFieldError" time="13.09"/>
</testsuite> <!-- Add Employee Tests -->
