<?xml version="1.0" encoding="UTF-8"?>
<!-- Generated by org.testng.reporters.JUnitXMLReporter -->
<testsuite ignored="0" hostname="Arushis-MacBook-Pro.local" failures="1" tests="3" name="Login Tests" time="76.465" errors="0" timestamp="2026-03-25T01:54:48 IST">
  <testcase classname="com.picarro.ui.tests.LoginTest" name="verifyBlankLogin" time="1.065">
    <failure type="java.lang.AssertionError" message="Username field not highlighted expected [true] but found [false]">
      <![CDATA[java.lang.AssertionError: Username field not highlighted expected [true] but found [false]
at com.picarro.ui.tests.LoginTest.verifyBlankLogin(LoginTest.java:45)
at java.base/java.util.ArrayList.forEach(ArrayList.java:1604)
... Removed 32 stack frames]]>
    </failure>
  </testcase> <!-- verifyBlankLogin -->
  <testcase classname="com.picarro.ui.tests.LoginTest" name="verifyInvalidLogin" time="3.611"/>
  <testcase classname="com.picarro.ui.tests.LoginTest" name="verifyValidLogin" time="2.955"/>
</testsuite> <!-- Login Tests -->
