<?xml version="1.0" encoding="UTF-8"?>
<!-- Generated by org.testng.reporters.JUnitXMLReporter -->
<testsuite ignored="0" hostname="Arushis-MacBook-Pro.local" failures="1" tests="1" name="Self Healing Tests" time="35.795" errors="0" timestamp="2026-03-25T01:58:25 IST">
  <testcase classname="com.picarro.ui.tests.SelfHealingTest" name="verifySelfHealingLocator" time="14.425">
    <failure type="java.lang.RuntimeException" message="Both original and AI locator failed: By.name: wrong_username">
      <![CDATA[java.lang.RuntimeException: Both original and AI locator failed: By.name: wrong_username
at com.picarro.ui.utils.SmartDriver.findElement(SmartDriver.java:56)
at com.picarro.ui.tests.SelfHealingTest.verifySelfHealingLocator(SelfHealingTest.java:20)
at java.base/java.util.ArrayList.forEach(ArrayList.java:1604)
Caused by: java.lang.RuntimeException: Element not found using locator: By.name: wrong_username
at com.picarro.ui.utils.SmartDriver.findElement(SmartDriver.java:47)
... 31 more
... Removed 29 stack frames]]>
    </failure>
  </testcase> <!-- verifySelfHealingLocator -->
</testsuite> <!-- Self Healing Tests -->
