<?xml version="1.0" encoding="UTF-8"?>
<!-- Generated by org.testng.reporters.JUnitXMLReporter -->
<testsuite ignored="0" hostname="Arushis-MacBook-Pro.local" failures="1" tests="1" name="Surefire test" time="40.986" errors="0" timestamp="2026-03-24T19:44:59 IST">
  <testcase classname="com.picarro.ui.executor.DynamicTestExecutor" name="runAITests" time="19.865">
    <failure type="java.lang.AssertionError" message="Expected URL to contain: dashboard">
      <![CDATA[java.lang.AssertionError: Expected URL to contain: dashboard
at com.picarro.ui.executor.DynamicTestExecutor.execute(DynamicTestExecutor.java:59)
at com.picarro.ui.executor.DynamicTestExecutor.runAITests(DynamicTestExecutor.java:29)
at java.base/java.util.ArrayList.forEach(ArrayList.java:1604)
... Removed 30 stack frames]]>
    </failure>
  </testcase> <!-- runAITests -->
</testsuite> <!-- Surefire test -->
