<?xml version="1.0" encoding="UTF-8"?>
<!-- Generated by org.testng.reporters.JUnitReportReporter -->
<testsuite hostname="Arushis-MacBook-Pro.local" failures="0" tests="5" name="com.picarro.ui.tests.AddEmployeeTest" time="181.081" errors="0" timestamp="2026-03-25T01:58:25 IST" skipped="0">
  <testcase classname="com.picarro.ui.tests.AddEmployeeTest" name="verifyRequiredFieldError" time="49.194"/>
  <testcase classname="com.picarro.ui.tests.AddEmployeeTest" name="verifyDashboard" time="30.814"/>
  <testcase classname="com.picarro.ui.tests.AddEmployeeTest" name="verifyAddEmployeeFormFields" time="40.059"/>
  <testcase classname="com.picarro.ui.tests.AddEmployeeTest" name="verifyAddEmployee" time="30.189"/>
  <testcase classname="com.picarro.ui.tests.AddEmployeeTest" name="verifyEmployeeAddedInList" time="30.825"/>
</testsuite> <!-- com.picarro.ui.tests.AddEmployeeTest -->
