<?xml version="1.0" encoding="UTF-8"?>
<testng-results ignored="0" total="9" passed="7" failed="2" skipped="0">
  <reporter-output>
  </reporter-output>
  <suite started-at="2026-03-25T01:53:32 IST" name="UI Automation Suite" finished-at="2026-03-25T01:58:25 IST" duration-ms="293471">
    <groups>
    </groups>
    <test started-at="2026-03-25T01:53:32 IST" name="Login Tests" finished-at="2026-03-25T01:54:48 IST" duration-ms="76465">
      <class name="com.picarro.ui.tests.LoginTest">
        <test-method is-config="true" signature="setup(java.lang.String)[pri:0, instance:com.picarro.ui.tests.LoginTest@58695725]" started-at="2026-03-25T01:53:32 IST" name="setup" finished-at="2026-03-25T01:53:50 IST" duration-ms="18322" status="PASS">
          <params>
            <param index="0">
              <value>
                <![CDATA[false]]>
              </value>
            </param>
          </params>
          <reporter-output>
          </reporter-output>
        </test-method> <!-- setup -->
        <test-method is-config="true" signature="initPage()[pri:0, instance:com.picarro.ui.tests.LoginTest@58695725]" started-at="2026-03-25T01:53:50 IST" name="initPage" finished-at="2026-03-25T01:53:50 IST" duration-ms="2" status="PASS">
          <reporter-output>
          </reporter-output>
        </test-method> <!-- initPage -->
        <test-method signature="verifyBlankLogin()[pri:0, instance:com.picarro.ui.tests.LoginTest@58695725]" started-at="2026-03-25T01:53:50 IST" name="verifyBlankLogin" finished-at="2026-03-25T01:53:51 IST" duration-ms="1065" status="FAIL">
          <exception class="java.lang.AssertionError">
            <message>
              <![CDATA[Username field not highlighted expected [true] but found [false]]]>
            </message>
            <full-stacktrace>
              <![CDATA[java.lang.AssertionError: Username field not highlighted expected [true] but found [false]
at org.testng.Assert.fail(Assert.java:111)
at org.testng.Assert.failNotEquals(Assert.java:1578)
at org.testng.Assert.assertTrue(Assert.java:57)
at com.picarro.ui.tests.LoginTest.verifyBlankLogin(LoginTest.java:45)
at java.base/jdk.internal.reflect.DirectMethodHandleAccessor.invoke(DirectMethodHandleAccessor.java:104)
at java.base/java.lang.reflect.Method.invoke(Method.java:565)
at org.testng.internal.invokers.MethodInvocationHelper.invokeMethod(MethodInvocationHelper.java:139)
at org.testng.internal.invokers.TestInvoker.invokeMethod(TestInvoker.java:664)
at org.testng.internal.invokers.TestInvoker.invokeTestMethod(TestInvoker.java:228)
at org.testng.internal.invokers.MethodRunner.runInSequence(MethodRunner.java:63)
at org.testng.internal.invokers.TestInvoker$MethodInvocationAgent.invoke(TestInvoker.java:961)
at org.testng.internal.invokers.TestInvoker.invokeTestMethods(TestInvoker.java:201)
at org.testng.internal.invokers.TestMethodWorker.invokeTestMethods(TestMethodWorker.java:148)
at org.testng.internal.invokers.TestMethodWorker.run(TestMethodWorker.java:128)
at java.base/java.util.ArrayList.forEach(ArrayList.java:1604)
at org.testng.TestRunner.privateRun(TestRunner.java:819)
at org.testng.TestRunner.run(TestRunner.java:619)
at org.testng.SuiteRunner.runTest(SuiteRunner.java:443)
at org.testng.SuiteRunner.runSequentially(SuiteRunner.java:437)
at org.testng.SuiteRunner.privateRun(SuiteRunner.java:397)
at org.testng.SuiteRunner.run(SuiteRunner.java:336)
at org.testng.SuiteRunnerWorker.runSuite(SuiteRunnerWorker.java:52)
at org.testng.SuiteRunnerWorker.run(SuiteRunnerWorker.java:95)
at org.testng.TestNG.runSuitesSequentially(TestNG.java:1301)
at org.testng.TestNG.runSuitesLocally(TestNG.java:1228)
at org.testng.TestNG.runSuites(TestNG.java:1134)
at org.testng.TestNG.run(TestNG.java:1101)
at org.apache.maven.surefire.testng.TestNGExecutor.run(TestNGExecutor.java:308)
at org.apache.maven.surefire.testng.TestNGXmlTestSuite.execute(TestNGXmlTestSuite.java:71)
at org.apache.maven.surefire.testng.TestNGProvider.invoke(TestNGProvider.java:113)
at org.apache.maven.surefire.booter.ForkedBooter.runSuitesInProcess(ForkedBooter.java:385)
at org.apache.maven.surefire.booter.ForkedBooter.execute(ForkedBooter.java:162)
at org.apache.maven.surefire.booter.ForkedBooter.run(ForkedBooter.java:507)
at org.apache.maven.surefire.booter.ForkedBooter.main(ForkedBooter.java:495)
]]>
            </full-stacktrace>
          </exception> <!-- java.lang.AssertionError -->
          <reporter-output>
          </reporter-output>
        </test-method> <!-- verifyBlankLogin -->
        <test-method is-config="true" signature="tearDown()[pri:0, instance:com.picarro.ui.tests.LoginTest@58695725]" started-at="2026-03-25T01:53:51 IST" name="tearDown" finished-at="2026-03-25T01:53:51 IST" duration-ms="83" status="PASS">
          <reporter-output>
          </reporter-output>
        </test-method> <!-- tearDown -->
        <test-method is-config="true" signature="setup(java.lang.String)[pri:0, instance:com.picarro.ui.tests.LoginTest@58695725]" started-at="2026-03-25T01:53:51 IST" name="setup" finished-at="2026-03-25T01:54:18 IST" duration-ms="27182" status="PASS">
          <params>
            <param index="0">
              <value>
                <![CDATA[false]]>
              </value>
            </param>
          </params>
          <reporter-output>
          </reporter-output>
        </test-method> <!-- setup -->
        <test-method is-config="true" signature="initPage()[pri:0, instance:com.picarro.ui.tests.LoginTest@58695725]" started-at="2026-03-25T01:54:18 IST" name="initPage" finished-at="2026-03-25T01:54:18 IST" duration-ms="1" status="PASS">
          <reporter-output>
          </reporter-output>
        </test-method> <!-- initPage -->
        <test-method signature="verifyInvalidLogin()[pri:0, instance:com.picarro.ui.tests.LoginTest@58695725]" started-at="2026-03-25T01:54:18 IST" name="verifyInvalidLogin" finished-at="2026-03-25T01:54:22 IST" duration-ms="3611" status="PASS">
          <reporter-output>
          </reporter-output>
        </test-method> <!-- verifyInvalidLogin -->
        <test-method is-config="true" signature="tearDown()[pri:0, instance:com.picarro.ui.tests.LoginTest@58695725]" started-at="2026-03-25T01:54:22 IST" name="tearDown" finished-at="2026-03-25T01:54:22 IST" duration-ms="79" status="PASS">
          <reporter-output>
          </reporter-output>
        </test-method> <!-- tearDown -->
        <test-method is-config="true" signature="setup(java.lang.String)[pri:0, instance:com.picarro.ui.tests.LoginTest@58695725]" started-at="2026-03-25T01:54:22 IST" name="setup" finished-at="2026-03-25T01:54:45 IST" duration-ms="22921" status="PASS">
          <params>
            <param index="0">
              <value>
                <![CDATA[false]]>
              </value>
            </param>
          </params>
          <reporter-output>
          </reporter-output>
        </test-method> <!-- setup -->
        <test-method signature="verifyValidLogin()[pri:0, instance:com.picarro.ui.tests.LoginTest@58695725]" started-at="2026-03-25T01:54:45 IST" name="verifyValidLogin" finished-at="2026-03-25T01:54:48 IST" duration-ms="2955" status="PASS">
          <reporter-output>
          </reporter-output>
        </test-method> <!-- verifyValidLogin -->
        <test-method is-config="true" signature="initPage()[pri:0, instance:com.picarro.ui.tests.LoginTest@58695725]" started-at="2026-03-25T01:54:45 IST" name="initPage" finished-at="2026-03-25T01:54:45 IST" duration-ms="0" status="PASS">
          <reporter-output>
          </reporter-output>
        </test-method> <!-- initPage -->
        <test-method is-config="true" signature="tearDown()[pri:0, instance:com.picarro.ui.tests.LoginTest@58695725]" started-at="2026-03-25T01:54:48 IST" name="tearDown" finished-at="2026-03-25T01:54:48 IST" duration-ms="81" status="PASS">
          <reporter-output>
          </reporter-output>
        </test-method> <!-- tearDown -->
      </class> <!-- com.picarro.ui.tests.LoginTest -->
    </test> <!-- Login Tests -->
    <test started-at="2026-03-25T01:54:48 IST" name="Add Employee Tests" finished-at="2026-03-25T01:57:49 IST" duration-ms="181092">
      <class name="com.picarro.ui.tests.AddEmployeeTest">
        <test-method is-config="true" signature="setup(java.lang.String)[pri:0, instance:com.picarro.ui.tests.AddEmployeeTest@a38c7fe]" started-at="2026-03-25T01:54:48 IST" name="setup" finished-at="2026-03-25T01:55:05 IST" duration-ms="16622" status="PASS">
          <params>
            <param index="0">
              <value>
                <![CDATA[false]]>
              </value>
            </param>
          </params>
          <reporter-output>
          </reporter-output>
        </test-method> <!-- setup -->
        <test-method is-config="true" signature="setupTest()[pri:0, instance:com.picarro.ui.tests.AddEmployeeTest@a38c7fe]" started-at="2026-03-25T01:55:05 IST" name="setupTest" finished-at="2026-03-25T01:55:08 IST" duration-ms="3287" status="PASS">
          <reporter-output>
          </reporter-output>
        </test-method> <!-- setupTest -->
        <test-method signature="verifyAddEmployee()[pri:0, instance:com.picarro.ui.tests.AddEmployeeTest@a38c7fe]" started-at="2026-03-25T01:55:08 IST" name="verifyAddEmployee" finished-at="2026-03-25T01:55:23 IST" duration-ms="14741" status="PASS">
          <reporter-output>
          </reporter-output>
        </test-method> <!-- verifyAddEmployee -->
        <test-method is-config="true" signature="tearDown()[pri:0, instance:com.picarro.ui.tests.AddEmployeeTest@a38c7fe]" started-at="2026-03-25T01:55:23 IST" name="tearDown" finished-at="2026-03-25T01:55:33 IST" duration-ms="10101" status="PASS">
          <reporter-output>
          </reporter-output>
        </test-method> <!-- tearDown -->
        <test-method is-config="true" signature="setup(java.lang.String)[pri:0, instance:com.picarro.ui.tests.AddEmployeeTest@a38c7fe]" started-at="2026-03-25T01:55:33 IST" name="setup" finished-at="2026-03-25T01:55:47 IST" duration-ms="13693" status="PASS">
          <params>
            <param index="0">
              <value>
                <![CDATA[false]]>
              </value>
            </param>
          </params>
          <reporter-output>
          </reporter-output>
        </test-method> <!-- setup -->
        <test-method is-config="true" signature="setupTest()[pri:0, instance:com.picarro.ui.tests.AddEmployeeTest@a38c7fe]" started-at="2026-03-25T01:55:47 IST" name="setupTest" finished-at="2026-03-25T01:55:50 IST" duration-ms="3456" status="PASS">
          <reporter-output>
          </reporter-output>
        </test-method> <!-- setupTest -->
        <test-method signature="verifyAddEmployeeFormFields()[pri:0, instance:com.picarro.ui.tests.AddEmployeeTest@a38c7fe]" started-at="2026-03-25T01:55:50 IST" name="verifyAddEmployeeFormFields" finished-at="2026-03-25T01:55:58 IST" duration-ms="7978" status="PASS">
          <reporter-output>
          </reporter-output>
        </test-method> <!-- verifyAddEmployeeFormFields -->
        <test-method is-config="true" signature="tearDown()[pri:0, instance:com.picarro.ui.tests.AddEmployeeTest@a38c7fe]" started-at="2026-03-25T01:55:58 IST" name="tearDown" finished-at="2026-03-25T01:56:07 IST" duration-ms="9333" status="PASS">
          <reporter-output>
          </reporter-output>
        </test-method> <!-- tearDown -->
        <test-method is-config="true" signature="setup(java.lang.String)[pri:0, instance:com.picarro.ui.tests.AddEmployeeTest@a38c7fe]" started-at="2026-03-25T01:56:07 IST" name="setup" finished-at="2026-03-25T01:56:27 IST" duration-ms="19292" status="PASS">
          <params>
            <param index="0">
              <value>
                <![CDATA[false]]>
              </value>
            </param>
          </params>
          <reporter-output>
          </reporter-output>
        </test-method> <!-- setup -->
        <test-method is-config="true" signature="setupTest()[pri:0, instance:com.picarro.ui.tests.AddEmployeeTest@a38c7fe]" started-at="2026-03-25T01:56:27 IST" name="setupTest" finished-at="2026-03-25T01:56:28 IST" duration-ms="1139" status="PASS">
          <reporter-output>
          </reporter-output>
        </test-method> <!-- setupTest -->
        <test-method signature="verifyDashboard()[pri:0, instance:com.picarro.ui.tests.AddEmployeeTest@a38c7fe]" started-at="2026-03-25T01:56:28 IST" name="verifyDashboard" finished-at="2026-03-25T01:56:31 IST" duration-ms="2958" status="PASS">
          <reporter-output>
          </reporter-output>
        </test-method> <!-- verifyDashboard -->
        <test-method is-config="true" signature="tearDown()[pri:0, instance:com.picarro.ui.tests.AddEmployeeTest@a38c7fe]" started-at="2026-03-25T01:56:31 IST" name="tearDown" finished-at="2026-03-25T01:56:31 IST" duration-ms="85" status="PASS">
          <reporter-output>
          </reporter-output>
        </test-method> <!-- tearDown -->
        <test-method is-config="true" signature="setup(java.lang.String)[pri:0, instance:com.picarro.ui.tests.AddEmployeeTest@a38c7fe]" started-at="2026-03-25T01:56:31 IST" name="setup" finished-at="2026-03-25T01:56:36 IST" duration-ms="4744" status="PASS">
          <params>
            <param index="0">
              <value>
                <![CDATA[false]]>
              </value>
            </param>
          </params>
          <reporter-output>
          </reporter-output>
        </test-method> <!-- setup -->
        <test-method is-config="true" signature="setupTest()[pri:0, instance:com.picarro.ui.tests.AddEmployeeTest@a38c7fe]" started-at="2026-03-25T01:56:36 IST" name="setupTest" finished-at="2026-03-25T01:56:37 IST" duration-ms="1133" status="PASS">
          <reporter-output>
          </reporter-output>
        </test-method> <!-- setupTest -->
        <test-method signature="verifyEmployeeAddedInList()[pri:0, instance:com.picarro.ui.tests.AddEmployeeTest@a38c7fe]" started-at="2026-03-25T01:56:37 IST" name="verifyEmployeeAddedInList" finished-at="2026-03-25T01:56:56 IST" duration-ms="19618" status="PASS">
          <reporter-output>
          </reporter-output>
        </test-method> <!-- verifyEmployeeAddedInList -->
        <test-method is-config="true" signature="tearDown()[pri:0, instance:com.picarro.ui.tests.AddEmployeeTest@a38c7fe]" started-at="2026-03-25T01:56:56 IST" name="tearDown" finished-at="2026-03-25T01:57:06 IST" duration-ms="10070" status="PASS">
          <reporter-output>
          </reporter-output>
        </test-method> <!-- tearDown -->
        <test-method is-config="true" signature="setup(java.lang.String)[pri:0, instance:com.picarro.ui.tests.AddEmployeeTest@a38c7fe]" started-at="2026-03-25T01:57:06 IST" name="setup" finished-at="2026-03-25T01:57:31 IST" duration-ms="24895" status="PASS">
          <params>
            <param index="0">
              <value>
                <![CDATA[false]]>
              </value>
            </param>
          </params>
          <reporter-output>
          </reporter-output>
        </test-method> <!-- setup -->
        <test-method is-config="true" signature="setupTest()[pri:0, instance:com.picarro.ui.tests.AddEmployeeTest@a38c7fe]" started-at="2026-03-25T01:57:31 IST" name="setupTest" finished-at="2026-03-25T01:57:33 IST" duration-ms="1670" status="PASS">
          <reporter-output>
          </reporter-output>
        </test-method> <!-- setupTest -->
        <test-method signature="verifyRequiredFieldError()[pri:0, instance:com.picarro.ui.tests.AddEmployeeTest@a38c7fe]" started-at="2026-03-25T01:57:33 IST" name="verifyRequiredFieldError" finished-at="2026-03-25T01:57:46 IST" duration-ms="13090" status="PASS">
          <reporter-output>
          </reporter-output>
        </test-method> <!-- verifyRequiredFieldError -->
        <test-method is-config="true" signature="tearDown()[pri:0, instance:com.picarro.ui.tests.AddEmployeeTest@a38c7fe]" started-at="2026-03-25T01:57:46 IST" name="tearDown" finished-at="2026-03-25T01:57:49 IST" duration-ms="3176" status="PASS">
          <reporter-output>
          </reporter-output>
        </test-method> <!-- tearDown -->
      </class> <!-- com.picarro.ui.tests.AddEmployeeTest -->
    </test> <!-- Add Employee Tests -->
    <test started-at="2026-03-25T01:57:49 IST" name="Self Healing Tests" finished-at="2026-03-25T01:58:25 IST" duration-ms="35795">
      <class name="com.picarro.ui.tests.SelfHealingTest">
        <test-method is-config="true" signature="setup(java.lang.String)[pri:0, instance:com.picarro.ui.tests.SelfHealingTest@6221a451]" started-at="2026-03-25T01:57:49 IST" name="setup" finished-at="2026-03-25T01:58:03 IST" duration-ms="14123" status="PASS">
          <params>
            <param index="0">
              <value>
                <![CDATA[false]]>
              </value>
            </param>
          </params>
          <reporter-output>
          </reporter-output>
        </test-method> <!-- setup -->
        <test-method signature="verifySelfHealingLocator()[pri:0, instance:com.picarro.ui.tests.SelfHealingTest@6221a451]" started-at="2026-03-25T01:58:03 IST" name="verifySelfHealingLocator" finished-at="2026-03-25T01:58:18 IST" duration-ms="14425" status="FAIL">
          <exception class="java.lang.RuntimeException">
            <message>
              <![CDATA[Both original and AI locator failed: By.name: wrong_username]]>
            </message>
            <full-stacktrace>
              <![CDATA[java.lang.RuntimeException: Both original and AI locator failed: By.name: wrong_username
at com.picarro.ui.utils.SmartDriver.findElement(SmartDriver.java:56)
at com.picarro.ui.tests.SelfHealingTest.verifySelfHealingLocator(SelfHealingTest.java:20)
at java.base/jdk.internal.reflect.DirectMethodHandleAccessor.invoke(DirectMethodHandleAccessor.java:104)
at java.base/java.lang.reflect.Method.invoke(Method.java:565)
at org.testng.internal.invokers.MethodInvocationHelper.invokeMethod(MethodInvocationHelper.java:139)
at org.testng.internal.invokers.TestInvoker.invokeMethod(TestInvoker.java:664)
at org.testng.internal.invokers.TestInvoker.invokeTestMethod(TestInvoker.java:228)
at org.testng.internal.invokers.MethodRunner.runInSequence(MethodRunner.java:63)
at org.testng.internal.invokers.TestInvoker$MethodInvocationAgent.invoke(TestInvoker.java:961)
at org.testng.internal.invokers.TestInvoker.invokeTestMethods(TestInvoker.java:201)
at org.testng.internal.invokers.TestMethodWorker.invokeTestMethods(TestMethodWorker.java:148)
at org.testng.internal.invokers.TestMethodWorker.run(TestMethodWorker.java:128)
at java.base/java.util.ArrayList.forEach(ArrayList.java:1604)
at org.testng.TestRunner.privateRun(TestRunner.java:819)
at org.testng.TestRunner.run(TestRunner.java:619)
at org.testng.SuiteRunner.runTest(SuiteRunner.java:443)
at org.testng.SuiteRunner.runSequentially(SuiteRunner.java:437)
at org.testng.SuiteRunner.privateRun(SuiteRunner.java:397)
at org.testng.SuiteRunner.run(SuiteRunner.java:336)
at org.testng.SuiteRunnerWorker.runSuite(SuiteRunnerWorker.java:52)
at org.testng.SuiteRunnerWorker.run(SuiteRunnerWorker.java:95)
at org.testng.TestNG.runSuitesSequentially(TestNG.java:1301)
at org.testng.TestNG.runSuitesLocally(TestNG.java:1228)
at org.testng.TestNG.runSuites(TestNG.java:1134)
at org.testng.TestNG.run(TestNG.java:1101)
at org.apache.maven.surefire.testng.TestNGExecutor.run(TestNGExecutor.java:308)
at org.apache.maven.surefire.testng.TestNGXmlTestSuite.execute(TestNGXmlTestSuite.java:71)
at org.apache.maven.surefire.testng.TestNGProvider.invoke(TestNGProvider.java:113)
at org.apache.maven.surefire.booter.ForkedBooter.runSuitesInProcess(ForkedBooter.java:385)
at org.apache.maven.surefire.booter.ForkedBooter.execute(ForkedBooter.java:162)
at org.apache.maven.surefire.booter.ForkedBooter.run(ForkedBooter.java:507)
at org.apache.maven.surefire.booter.ForkedBooter.main(ForkedBooter.java:495)
Caused by: java.lang.RuntimeException: Element not found using locator: By.name: wrong_username
at com.picarro.ui.utils.SmartDriver.findElement(SmartDriver.java:47)
... 31 more
]]>
            </full-stacktrace>
          </exception> <!-- java.lang.RuntimeException -->
          <reporter-output>
          </reporter-output>
        </test-method> <!-- verifySelfHealingLocator -->
        <test-method is-config="true" signature="tearDown()[pri:0, instance:com.picarro.ui.tests.SelfHealingTest@6221a451]" started-at="2026-03-25T01:58:18 IST" name="tearDown" finished-at="2026-03-25T01:58:25 IST" duration-ms="6673" status="PASS">
          <reporter-output>
          </reporter-output>
        </test-method> <!-- tearDown -->
      </class> <!-- com.picarro.ui.tests.SelfHealingTest -->
    </test> <!-- Self Healing Tests -->
  </suite> <!-- UI Automation Suite -->
</testng-results>
