<?xml version="1.0" encoding="UTF-8"?>
<testsuite xmlns:xsi="http://www.w3.org/2001/XMLSchema-instance" xsi:noNamespaceSchemaLocation="https://maven.apache.org/surefire/maven-surefire-plugin/xsd/surefire-test-report-3.0.xsd" version="3.0" name="com.picarro.ui.executor.DynamicTestExecutor" time="41.155" tests="1" errors="0" skipped="0" failures="1">
  <properties>
[...]
</properties>
  <testcase name="runAITests" classname="com.picarro.ui.executor.DynamicTestExecutor" time="19.872">
    <failure message="Expected URL to contain: dashboard" type="java.lang.AssertionError"><![CDATA[java.lang.AssertionError: Expected URL to contain: dashboard
	at com.picarro.ui.executor.DynamicTestExecutor.execute(DynamicTestExecutor.java:59)
	at com.picarro.ui.executor.DynamicTestExecutor.runAITests(DynamicTestExecutor.java:29)
	at java.base/jdk.internal.reflect.DirectMethodHandleAccessor.invoke(DirectMethodHandleAccessor.java:104)
	at java.base/java.lang.reflect.Method.invoke(Method.java:565)
	at org.testng.internal.invokers.MethodInvocationHelper.invokeMethod(MethodInvocationHelper.java:139)
	at org.testng.internal.invokers.TestInvoker.invokeMethod(TestInvoker.java:664)
	at org.testng.internal.invokers.TestInvoker.invokeTestMethod(TestInvoker.java:228)
	at org.testng.internal.invokers.MethodRunner.runInSequence(MethodRunner.java:63)
	at org.testng.internal.invokers.TestInvoker$MethodInvocationAgent.invoke(TestInvoker.java:961)
	at org.testng.internal.invokers.TestInvoker.invokeTestMethods(TestInvoker.java:201)
	at org.testng.internal.invokers.TestMethodWorker.invokeTestMethods(TestMethodWorker.java:148)
	at org.testng.internal.invokers.TestMethodWorker.run(TestMethodWorker.java:128)
	at java.base/java.util.ArrayList.forEach(ArrayList.java:1604)
	at org.testng.TestRunner.privateRun(TestRunner.java:819)
	at org.testng.TestRunner.run(TestRunner.java:619)
	at org.testng.SuiteRunner.runTest(SuiteRunner.java:443)
	at org.testng.SuiteRunner.runSequentially(SuiteRunner.java:437)
	at org.testng.SuiteRunner.privateRun(SuiteRunner.java:397)
	at org.testng.SuiteRunner.run(SuiteRunner.java:336)
	at org.testng.SuiteRunnerWorker.runSuite(SuiteRunnerWorker.java:52)
	at org.testng.SuiteRunnerWorker.run(SuiteRunnerWorker.java:95)
	at org.testng.TestNG.runSuitesSequentially(TestNG.java:1301)
	at org.testng.TestNG.runSuitesLocally(TestNG.java:1228)
	at org.testng.TestNG.runSuites(TestNG.java:1134)
	at org.testng.TestNG.run(TestNG.java:1101)
	at org.apache.maven.surefire.testng.TestNGExecutor.run(TestNGExecutor.java:155)
	at org.apache.maven.surefire.testng.TestNGDirectoryTestSuite.executeSingleClass(TestNGDirectoryTestSuite.java:102)
	at org.apache.maven.surefire.testng.TestNGDirectoryTestSuite.execute(TestNGDirectoryTestSuite.java:91)
	at org.apache.maven.surefire.testng.TestNGProvider.invoke(TestNGProvider.java:137)
	at org.apache.maven.surefire.booter.ForkedBooter.runSuitesInProcess(ForkedBooter.java:385)
	at org.apache.maven.surefire.booter.ForkedBooter.execute(ForkedBooter.java:162)
	at org.apache.maven.surefire.booter.ForkedBooter.run(ForkedBooter.java:507)
	at org.apache.maven.surefire.booter.ForkedBooter.main(ForkedBooter.java:495)
]]></failure>
    <system-out><![CDATA[Running in HEADED mode
Running AI Test: Login Flow
➡️ Executing: navigate | null
➡️ Executing: type | name=username
➡️ Executing: type | name=password
➡️ Executing: click | xpath=//button[@type='submit']
❌ Original locator failed: By.xpath: //button[@type
🔴 AI RAW RESPONSE: {"model":"llama3","created_at":"2026-03-24T14:14:47.380165Z","response":"xpath=/html/body/button[@type='button']","done":true,"done_reason":"stop","context":[128006,882,128007,271,91626,48217,512,1383,23472,25,443,2208,12606,1337,271,15599,44165,512,14063,1822,2025,397,220,366,5607,11878,429,8729,12,23,891,220,366,5607,1795,23793,429,55,37836,38362,1,2262,429,5484,37040,891,220,366,5607,836,429,18774,1,2262,429,3175,20297,9531,11,9613,13230,28,16,891,220,366,2150,29,43069,17526,44,524,2150,397,415,366,2125,1375,429,1965,1,1839,6039,2984,20107,49657,40286,23856,28,10967,12676,25230,24313,23,891,262,366,2125,1839,6039,2984,20107,6851,21987,3200,8437,33985,4425,23856,28,10967,12676,25230,24313,23,1,1375,429,97107,1,439,429,3612,891,262,366,2125,1839,6039,2984,20107,6851,10867,4425,23856,28,10967,12676,25230,24313,23,1,1375,429,97107,1,439,429,3612,891,262,366,2125,1839,6039,2984,20107,9291,21987,3200,8437,33985,2927,23856,28,10967,12676,25230,24313,23,1,1375,429,97107,1,439,429,2334,891,262,366,2125,1839,6039,2984,20107,9291,10867,2927,23856,28,10967,12676,25230,24313,23,1,1375,429,97107,1,439,429,2334,891,415,366,2125,1839,6039,2984,20107,6851,21987,3200,8437,33985,4425,23856,28,10967,12676,25230,24313,23,1,1375,429,6936,891,262,366,2125,1839,6039,2984,20107,6851,10867,4425,23856,28,10967,12676,25230,24313,23,1,1375,429,6936,891,524,2025,397,15896,397,220,366,3612,397,262,551,2959,341,310,1198,5241,67,9999,19101,8048,14443,1785,22,33,16,35,280,310,1198,5241,67,9999,31771,8048,14443,29421,280,310,1198,5241,67,30483,42117,8048,14443,4767,5002,1691,280,310,1198,5241,67,30483,31771,8048,14443,29421,280,310,1198,5241,67,9999,43838,19471,8048,14443,1785,18485,33,280,310,1198,5241,67,9999,43838,13368,8048,14443,37,1758,34,1114,280,310,1198,5241,67,30483,43838,19471,8048,14443,1785,18485,33,280,310,1198,5241,67,30483,43838,13368,8048,14443,37,1758,34,1114,280,310,1198,5241,67,9999,19101,18179,268,12,20,8048,14443,544,23,64,1806,280,310,1198,5241,67,9999,19101,18179,268,12,966,8048,14443,73654,19,65,21,280,310,1198,5241,67,9999,19101,22592,268,12,20,8048,14443,544,21,66,2839,280,310,1198,5241,67,9999,19101,65638,12,605,8048,25,21027,7,3192,11,220,4513,11,220,1682,11,220,15,13,16,317,310,1198,5241,67,9999,19101,65638,12,868,8048,25,21027,7,3192,11,220,717,271,5715,27785,832,48217,512,4152,26549,512,51251,28,1131,2794,887,28,1131,2794,836,28,1131,2794,16256,28,9522,2822,16540,627,128009,128006,78191,128007,271,51251,24167,1580,62211,55408,12606,1337,1151,2208,663],"total_duration":5974463625,"load_duration":905132083,"prompt_eval_count":492,"prompt_eval_duration":4697753375,"eval_count":11,"eval_duration":365148416}
🤖 Final Clean Locator: xpath=/html/body/button[@type=button]
✅ Healed locator: xpath=/html/body/button[@type=button]
⚠️ AI step failed: click
🔁 Executing fallback for: click
🔁 Fallback: Using LoginPage POM
➡️ Executing: assert_url | null
]]></system-out>
    <system-err><![CDATA[SLF4J: Failed to load class "org.slf4j.impl.StaticLoggerBinder".
SLF4J: Defaulting to no-operation (NOP) logger implementation
SLF4J: See http://www.slf4j.org/codes.html#StaticLoggerBinder for further details.
Mar 24, 2026 7:44:19 PM org.openqa.selenium.devtools.CdpVersionFinder findNearestMatch
WARNING: Unable to find CDP implementation matching 146
Mar 24, 2026 7:44:19 PM org.openqa.selenium.chromium.ChromiumDriver lambda$new$5
WARNING: Unable to find version of CDP to use for 146.0.7680.164. You may need to include a dependency on a specific version of the CDP using something similar to `org.seleniumhq.selenium:selenium-devtools-v86:4.18.1` where the version ("v86") matches the version of the chromium-based browser you're using and the version number of the artifact is the same as Selenium's.
]]></system-err>
  </testcase>
</testsuite>