<?xml version="1.0" encoding="UTF-8"?>
<!-- Generated by org.testng.reporters.JUnitXMLReporter -->
<testsuite ignored="0" hostname="Arushis-MacBook-Pro.local" failures="0" tests="2" name="Surefire test" time="2.419" errors="0" timestamp="2026-03-24T16:29:27 IST">
  <testcase classname="com.picarro.api.tests.CountriesApiTest" name="getCountryByName" time="1.383"/>
  <testcase classname="com.picarro.api.tests.CountriesApiTest" name="invalidCountry" time="0.91"/>
</testsuite> <!-- Surefire test -->
