<?xml version="1.0" encoding="UTF-8"?>
<testng-results ignored="0" total="2" passed="2" failed="0" skipped="0">
  <reporter-output>
  </reporter-output>
  <suite started-at="2026-03-24T16:29:25 IST" name="Surefire suite" finished-at="2026-03-24T16:29:27 IST" duration-ms="2419">
    <groups>
    </groups>
    <test started-at="2026-03-24T16:29:25 IST" name="Surefire test" finished-at="2026-03-24T16:29:27 IST" duration-ms="2419">
      <class name="com.picarro.api.tests.CountriesApiTest">
        <test-method is-config="true" signature="setup()[pri:0, instance:com.picarro.api.tests.CountriesApiTest@4450d156]" started-at="2026-03-24T16:29:25 IST" name="setup" finished-at="2026-03-24T16:29:25 IST" duration-ms="118" status="PASS">
          <reporter-output>
          </reporter-output>
        </test-method> <!-- setup -->
        <test-method signature="getCountryByName()[pri:0, instance:com.picarro.api.tests.CountriesApiTest@4450d156]" started-at="2026-03-24T16:29:25 IST" name="getCountryByName" finished-at="2026-03-24T16:29:26 IST" duration-ms="1383" status="PASS">
          <reporter-output>
          </reporter-output>
        </test-method> <!-- getCountryByName -->
        <test-method signature="invalidCountry()[pri:0, instance:com.picarro.api.tests.CountriesApiTest@4450d156]" started-at="2026-03-24T16:29:26 IST" name="invalidCountry" finished-at="2026-03-24T16:29:27 IST" duration-ms="910" status="PASS">
          <reporter-output>
          </reporter-output>
        </test-method> <!-- invalidCountry -->
      </class> <!-- com.picarro.api.tests.CountriesApiTest -->
    </test> <!-- Surefire test -->
  </suite> <!-- Surefire suite -->
</testng-results>
