<?xml version="1.0" encoding="UTF-8"?>
<!-- Generated by org.testng.reporters.JUnitReportReporter -->
<testsuite hostname="Arushis-MacBook-Pro.local" failures="0" tests="2" name="com.picarro.api.tests.CountriesApiTest" time="2.293" errors="0" timestamp="2026-03-24T16:29:27 IST" skipped="0">
  <testcase classname="com.picarro.api.tests.CountriesApiTest" name="getCountryByName" time="1.383"/>
  <testcase classname="com.picarro.api.tests.CountriesApiTest" name="invalidCountry" time="0.910"/>
</testsuite> <!-- com.picarro.api.tests.CountriesApiTest -->
